2022-03-05 22:16:06 [System Name] error: uncaughtException: winston.format.colorsize is not a function
TypeError: winston.format.colorsize is not a function
    at Object.<anonymous> (/Users/sunghyunoh/Desktop/javascript/config/logger.js:72:28)
    at Module._compile (node:internal/modules/cjs/loader:1103:14)
    at Object.Module._extensions..js (node:internal/modules/cjs/loader:1155:10)
    at Module.load (node:internal/modules/cjs/loader:981:32)
    at Function.Module._load (node:internal/modules/cjs/loader:822:12)
    at Module.require (node:internal/modules/cjs/loader:1005:19)
    at require (node:internal/modules/cjs/helpers:102:18)
    at Object.<anonymous> (/Users/sunghyunoh/Desktop/javascript/log_test.js:1:13)
    at Module._compile (node:internal/modules/cjs/loader:1103:14)
    at Object.Module._extensions..js (node:internal/modules/cjs/loader:1155:10)
2022-03-05 22:19:34 [System Name] error: uncaughtException: winston.format.colorsize is not a function
TypeError: winston.format.colorsize is not a function
    at Object.<anonymous> (/Users/sunghyunoh/Desktop/javascript/config/logger.js:72:28)
    at Module._compile (node:internal/modules/cjs/loader:1103:14)
    at Object.Module._extensions..js (node:internal/modules/cjs/loader:1155:10)
    at Module.load (node:internal/modules/cjs/loader:981:32)
    at Function.Module._load (node:internal/modules/cjs/loader:822:12)
    at Module.require (node:internal/modules/cjs/loader:1005:19)
    at require (node:internal/modules/cjs/helpers:102:18)
    at Object.<anonymous> (/Users/sunghyunoh/Desktop/javascript/log_test.js:1:13)
    at Module._compile (node:internal/modules/cjs/loader:1103:14)
    at Object.Module._extensions..js (node:internal/modules/cjs/loader:1155:10)
